

Started GET "/" for 127.0.0.1 at 2016-06-07 02:32:21 -0500
Processing by Rails::WelcomeController#index as HTML
  Rendered /home/ale/.rbenv/versions/2.3.1/lib/ruby/gems/2.3.0/gems/railties-4.2.6/lib/rails/templates/rails/welcome/index.html.erb (5.8ms)
Completed 200 OK in 82ms (Views: 39.3ms | ActiveRecord: 0.0ms)
  [1m[36m (134.8ms)[0m  [1mCREATE TABLE "schema_migrations" ("version" varchar NOT NULL) [0m
  [1m[35m (0.5ms)[0m  select sqlite_version(*)
  [1m[36m (116.3ms)[0m  [1mCREATE UNIQUE INDEX "unique_schema_migrations" ON "schema_migrations" ("version")[0m
  [1m[35mActiveRecord::SchemaMigration Load (0.6ms)[0m  SELECT "schema_migrations".* FROM "schema_migrations"
Migrating to CreateAlumnos (20160607212143)
  [1m[36m (0.3ms)[0m  [1mbegin transaction[0m
  [1m[35m (1.1ms)[0m  CREATE TABLE "alumnos" ("id" INTEGER PRIMARY KEY AUTOINCREMENT NOT NULL, "nombre" varchar, "apellido" varchar, "created_at" datetime NOT NULL, "updated_at" datetime NOT NULL) 
  [1m[36mSQL (0.8ms)[0m  [1mINSERT INTO "schema_migrations" ("version") VALUES (?)[0m  [["version", "20160607212143"]]
  [1m[35m (142.8ms)[0m  commit transaction
Migrating to CreateAsignaturas (20160607212343)
  [1m[36m (0.3ms)[0m  [1mbegin transaction[0m
  [1m[35m (1.1ms)[0m  CREATE TABLE "asignaturas" ("id" INTEGER PRIMARY KEY AUTOINCREMENT NOT NULL, "nombre" varchar, "horas" integer, "alumno_id" integer, "created_at" datetime NOT NULL, "updated_at" datetime NOT NULL) 
  [1m[36m (0.5ms)[0m  [1mCREATE  INDEX "index_asignaturas_on_alumno_id" ON "asignaturas" ("alumno_id")[0m
  [1m[35mSQL (0.7ms)[0m  INSERT INTO "schema_migrations" ("version") VALUES (?)  [["version", "20160607212343"]]
  [1m[36m (144.1ms)[0m  [1mcommit transaction[0m
  [1m[35mActiveRecord::SchemaMigration Load (0.4ms)[0m  SELECT "schema_migrations".* FROM "schema_migrations"
  [1m[36m (0.5ms)[0m  [1m            SELECT sql
            FROM sqlite_master
            WHERE name='index_asignaturas_on_alumno_id' AND type='index'
            UNION ALL
            SELECT sql
            FROM sqlite_temp_master
            WHERE name='index_asignaturas_on_alumno_id' AND type='index'
[0m


Started GET "/" for 127.0.0.1 at 2016-06-07 16:25:07 -0500
  [1m[36mActiveRecord::SchemaMigration Load (0.5ms)[0m  [1mSELECT "schema_migrations".* FROM "schema_migrations"[0m
Processing by Rails::WelcomeController#index as HTML
  Rendered /home/ale/.rbenv/versions/2.3.1/lib/ruby/gems/2.3.0/gems/railties-4.2.6/lib/rails/templates/rails/welcome/index.html.erb (17.1ms)
Completed 200 OK in 240ms (Views: 198.6ms | ActiveRecord: 0.0ms)


Started GET "/alumnos" for 127.0.0.1 at 2016-06-07 16:25:22 -0500
Processing by AlumnosController#index as HTML
  [1m[35mAlumno Load (0.5ms)[0m  SELECT "alumnos".* FROM "alumnos"
  Rendered alumnos/index.html.erb within layouts/application (7.0ms)
Completed 200 OK in 5093ms (Views: 5086.2ms | ActiveRecord: 0.9ms)


Started GET "/assets/alumnos.self-e3b0c44298fc1c149afbf4c8996fb92427ae41e4649b934ca495991b7852b855.css?body=1" for 127.0.0.1 at 2016-06-07 16:25:27 -0500


Started GET "/assets/scaffolds.self-a6aa15cf8f1eb2d5c8efb029af034cd9d4a37d13bf664d6602a550d12ced07fc.css?body=1" for 127.0.0.1 at 2016-06-07 16:25:27 -0500


Started GET "/assets/asignaturas.self-e3b0c44298fc1c149afbf4c8996fb92427ae41e4649b934ca495991b7852b855.css?body=1" for 127.0.0.1 at 2016-06-07 16:25:27 -0500


Started GET "/assets/application.self-e80e8f2318043e8af94dddc2adad5a4f09739a8ebb323b3ab31cd71d45fd9113.css?body=1" for 127.0.0.1 at 2016-06-07 16:25:27 -0500


Started GET "/assets/jquery_ujs.self-e87806d0cf4489aeb1bb7288016024e8de67fd18db693fe026fe3907581e53cd.js?body=1" for 127.0.0.1 at 2016-06-07 16:25:27 -0500


Started GET "/assets/turbolinks.self-c37727e9bd6b2735da5c311aa83fead54ed0be6cc8bd9a65309e9c5abe2cbfff.js?body=1" for 127.0.0.1 at 2016-06-07 16:25:27 -0500


Started GET "/assets/jquery.self-660adc51e0224b731d29f575a6f1ec167ba08ad06ed5deca4f1e8654c135bf4c.js?body=1" for 127.0.0.1 at 2016-06-07 16:25:27 -0500


Started GET "/assets/asignaturas.self-877aef30ae1b040ab8a3aba4e3e309a11d7f2612f44dde450b5c157aa5f95c05.js?body=1" for 127.0.0.1 at 2016-06-07 16:25:27 -0500


Started GET "/assets/alumnos.self-877aef30ae1b040ab8a3aba4e3e309a11d7f2612f44dde450b5c157aa5f95c05.js?body=1" for 127.0.0.1 at 2016-06-07 16:25:28 -0500


Started GET "/assets/application.self-3b8dabdc891efe46b9a144b400ad69e37d7e5876bdc39dee783419a69d7ca819.js?body=1" for 127.0.0.1 at 2016-06-07 16:25:28 -0500


Started GET "/alumnos/new" for 127.0.0.1 at 2016-06-07 16:25:31 -0500
Processing by AlumnosController#new as HTML
  Rendered alumnos/_form.html.erb (105.4ms)
  Rendered alumnos/new.html.erb within layouts/application (131.5ms)
Completed 200 OK in 203ms (Views: 188.5ms | ActiveRecord: 0.8ms)


Started POST "/alumnos" for 127.0.0.1 at 2016-06-07 16:25:40 -0500
Processing by AlumnosController#create as HTML
  Parameters: {"utf8"=>"✓", "authenticity_token"=>"X9EBb3XUS/0XthUsIdAWobZuNPZbmegYSsw4AvcuBcJUGeMWCLY6u9CHh8Z4xg0UlHgeiaDosUgZgFAAJSYYjg==", "alumno"=>{"nombre"=>"Daniel", "apellido"=>"Torres"}, "commit"=>"Create Alumno"}
  [1m[36m (0.4ms)[0m  [1mbegin transaction[0m
  [1m[35mSQL (1.2ms)[0m  INSERT INTO "alumnos" ("nombre", "apellido", "created_at", "updated_at") VALUES (?, ?, ?, ?)  [["nombre", "Daniel"], ["apellido", "Torres"], ["created_at", "2016-06-07 21:25:40.520970"], ["updated_at", "2016-06-07 21:25:40.520970"]]
  [1m[36m (165.0ms)[0m  [1mcommit transaction[0m
Redirected to http://localhost:3000/alumnos/1
Completed 302 Found in 188ms (ActiveRecord: 166.6ms)


Started GET "/alumnos/1" for 127.0.0.1 at 2016-06-07 16:25:40 -0500
Processing by AlumnosController#show as HTML
  Parameters: {"id"=>"1"}
  [1m[35mAlumno Load (1.0ms)[0m  SELECT  "alumnos".* FROM "alumnos" WHERE "alumnos"."id" = ? LIMIT 1  [["id", 1]]
  Rendered alumnos/show.html.erb within layouts/application (2.5ms)
Completed 200 OK in 128ms (Views: 57.0ms | ActiveRecord: 1.0ms)


Started GET "/alumnos" for 127.0.0.1 at 2016-06-07 16:25:44 -0500
Processing by AlumnosController#index as HTML
  [1m[36mAlumno Load (0.5ms)[0m  [1mSELECT "alumnos".* FROM "alumnos"[0m
  Rendered alumnos/index.html.erb within layouts/application (6.7ms)
Completed 200 OK in 63ms (Views: 60.5ms | ActiveRecord: 0.5ms)


Started GET "/alumnos/new" for 127.0.0.1 at 2016-06-07 16:25:47 -0500
Processing by AlumnosController#new as HTML
  Rendered alumnos/_form.html.erb (5.2ms)
  Rendered alumnos/new.html.erb within layouts/application (7.5ms)
Completed 200 OK in 65ms (Views: 63.4ms | ActiveRecord: 0.0ms)


Started POST "/alumnos" for 127.0.0.1 at 2016-06-07 16:26:03 -0500
Processing by AlumnosController#create as HTML
  Parameters: {"utf8"=>"✓", "authenticity_token"=>"Kiv+m6AI9jJbL+/VLH3PiLLeT0U+X0gPdB3RNJbFniIh4xzi3WqHdJwefT91a9Q9kMhlOsUuEV8nUbk2RM2Dbg==", "alumno"=>{"nombre"=>"Alejandra", "apellido"=>"Pacheco"}, "commit"=>"Create Alumno"}
  [1m[35m (0.3ms)[0m  begin transaction
  [1m[36mSQL (0.7ms)[0m  [1mINSERT INTO "alumnos" ("nombre", "apellido", "created_at", "updated_at") VALUES (?, ?, ?, ?)[0m  [["nombre", "Alejandra"], ["apellido", "Pacheco"], ["created_at", "2016-06-07 21:26:03.752300"], ["updated_at", "2016-06-07 21:26:03.752300"]]
  [1m[35m (188.4ms)[0m  commit transaction
Redirected to http://localhost:3000/alumnos/2
Completed 302 Found in 200ms (ActiveRecord: 189.4ms)


Started GET "/alumnos/2" for 127.0.0.1 at 2016-06-07 16:26:03 -0500
Processing by AlumnosController#show as HTML
  Parameters: {"id"=>"2"}
  [1m[36mAlumno Load (0.4ms)[0m  [1mSELECT  "alumnos".* FROM "alumnos" WHERE "alumnos"."id" = ? LIMIT 1[0m  [["id", 2]]
  Rendered alumnos/show.html.erb within layouts/application (1.1ms)
Completed 200 OK in 96ms (Views: 92.1ms | ActiveRecord: 0.4ms)


Started GET "/alumnos" for 127.0.0.1 at 2016-06-07 16:26:06 -0500
Processing by AlumnosController#index as HTML
  [1m[35mAlumno Load (0.5ms)[0m  SELECT "alumnos".* FROM "alumnos"
  Rendered alumnos/index.html.erb within layouts/application (4.8ms)
Completed 200 OK in 69ms (Views: 66.9ms | ActiveRecord: 0.5ms)


Started GET "/asignaturas" for 127.0.0.1 at 2016-06-07 16:26:23 -0500
Processing by AsignaturasController#index as HTML
  [1m[36mAsignatura Load (0.5ms)[0m  [1mSELECT "asignaturas".* FROM "asignaturas"[0m
  Rendered asignaturas/index.html.erb within layouts/application (8.2ms)
Completed 200 OK in 120ms (Views: 86.2ms | ActiveRecord: 1.0ms)


Started GET "/asignaturas/new" for 127.0.0.1 at 2016-06-07 16:26:26 -0500
Processing by AsignaturasController#new as HTML
  Rendered asignaturas/_form.html.erb (23.3ms)
  Rendered asignaturas/new.html.erb within layouts/application (27.8ms)
Completed 200 OK in 122ms (Views: 106.7ms | ActiveRecord: 0.5ms)


Started POST "/asignaturas" for 127.0.0.1 at 2016-06-07 16:26:51 -0500
Processing by AsignaturasController#create as HTML
  Parameters: {"utf8"=>"✓", "authenticity_token"=>"9Ee063ZWWbcUiu7oJIPXCZsIxu7YDZ4vQ37dSRD5M9T/j1aSCzQo8dO7fAJ9lcy8uR7skSN8x38QMrVLwvEumA==", "asignatura"=>{"nombre"=>"Historia", "horas"=>"6", "alumno_id"=>"Daniel"}, "commit"=>"Create Asignatura"}
  [1m[35m (0.2ms)[0m  begin transaction
  [1m[36mSQL (0.9ms)[0m  [1mINSERT INTO "asignaturas" ("nombre", "horas", "alumno_id", "created_at", "updated_at") VALUES (?, ?, ?, ?, ?)[0m  [["nombre", "Historia"], ["horas", 6], ["alumno_id", 0], ["created_at", "2016-06-07 21:26:51.105382"], ["updated_at", "2016-06-07 21:26:51.105382"]]
  [1m[35m (195.9ms)[0m  commit transaction
Redirected to http://localhost:3000/asignaturas/1
Completed 302 Found in 214ms (ActiveRecord: 197.0ms)


Started GET "/asignaturas/1" for 127.0.0.1 at 2016-06-07 16:26:51 -0500
Processing by AsignaturasController#show as HTML
  Parameters: {"id"=>"1"}
  [1m[36mAsignatura Load (0.8ms)[0m  [1mSELECT  "asignaturas".* FROM "asignaturas" WHERE "asignaturas"."id" = ? LIMIT 1[0m  [["id", 1]]
  [1m[35mAlumno Load (0.5ms)[0m  SELECT  "alumnos".* FROM "alumnos" WHERE "alumnos"."id" = ? LIMIT 1  [["id", 0]]
  Rendered asignaturas/show.html.erb within layouts/application (67.4ms)
Completed 200 OK in 173ms (Views: 166.4ms | ActiveRecord: 1.2ms)


Started GET "/asignaturas" for 127.0.0.1 at 2016-06-07 16:26:54 -0500
Processing by AsignaturasController#index as HTML
  [1m[36mAsignatura Load (0.5ms)[0m  [1mSELECT "asignaturas".* FROM "asignaturas"[0m
  [1m[35mAlumno Load (0.3ms)[0m  SELECT  "alumnos".* FROM "alumnos" WHERE "alumnos"."id" = ? LIMIT 1  [["id", 0]]
  Rendered asignaturas/index.html.erb within layouts/application (9.5ms)
Completed 200 OK in 98ms (Views: 95.4ms | ActiveRecord: 0.7ms)


Started GET "/asignaturas/1" for 127.0.0.1 at 2016-06-07 16:26:57 -0500
Processing by AsignaturasController#show as HTML
  Parameters: {"id"=>"1"}
  [1m[36mAsignatura Load (0.3ms)[0m  [1mSELECT  "asignaturas".* FROM "asignaturas" WHERE "asignaturas"."id" = ? LIMIT 1[0m  [["id", 1]]
  [1m[35mAlumno Load (0.3ms)[0m  SELECT  "alumnos".* FROM "alumnos" WHERE "alumnos"."id" = ? LIMIT 1  [["id", 0]]
  Rendered asignaturas/show.html.erb within layouts/application (5.9ms)
Completed 200 OK in 97ms (Views: 92.5ms | ActiveRecord: 0.6ms)


Started GET "/asignaturas/1/edit" for 127.0.0.1 at 2016-06-07 16:27:04 -0500
Processing by AsignaturasController#edit as HTML
  Parameters: {"id"=>"1"}
  [1m[36mAsignatura Load (0.4ms)[0m  [1mSELECT  "asignaturas".* FROM "asignaturas" WHERE "asignaturas"."id" = ? LIMIT 1[0m  [["id", 1]]
  Rendered asignaturas/_form.html.erb (11.1ms)
  Rendered asignaturas/edit.html.erb within layouts/application (16.7ms)
Completed 200 OK in 117ms (Views: 113.9ms | ActiveRecord: 0.4ms)


Started PATCH "/asignaturas/1" for 127.0.0.1 at 2016-06-07 16:27:10 -0500
Processing by AsignaturasController#update as HTML
  Parameters: {"utf8"=>"✓", "authenticity_token"=>"a7zla2Apm+Yqg5JqrRqSOc5hHyJBuAfXWGS4+YBmzidgdAcSHUvqoO2yAID0DImM7Hc1XbrJXocLKND7Um7Taw==", "asignatura"=>{"nombre"=>"Historia", "horas"=>"6", "alumno_id"=>"1"}, "commit"=>"Update Asignatura", "id"=>"1"}
  [1m[35mAsignatura Load (0.4ms)[0m  SELECT  "asignaturas".* FROM "asignaturas" WHERE "asignaturas"."id" = ? LIMIT 1  [["id", 1]]
  [1m[36m (0.3ms)[0m  [1mbegin transaction[0m
  [1m[35mSQL (3.4ms)[0m  UPDATE "asignaturas" SET "alumno_id" = ?, "updated_at" = ? WHERE "asignaturas"."id" = ?  [["alumno_id", 1], ["updated_at", "2016-06-07 21:27:10.334873"], ["id", 1]]
  [1m[36m (187.6ms)[0m  [1mcommit transaction[0m
Redirected to http://localhost:3000/asignaturas/1
Completed 302 Found in 221ms (ActiveRecord: 191.7ms)


Started GET "/asignaturas/1" for 127.0.0.1 at 2016-06-07 16:27:10 -0500
Processing by AsignaturasController#show as HTML
  Parameters: {"id"=>"1"}
  [1m[35mAsignatura Load (0.4ms)[0m  SELECT  "asignaturas".* FROM "asignaturas" WHERE "asignaturas"."id" = ? LIMIT 1  [["id", 1]]
  [1m[36mAlumno Load (0.5ms)[0m  [1mSELECT  "alumnos".* FROM "alumnos" WHERE "alumnos"."id" = ? LIMIT 1[0m  [["id", 1]]
  Rendered asignaturas/show.html.erb within layouts/application (5.5ms)
Completed 200 OK in 87ms (Views: 82.6ms | ActiveRecord: 0.9ms)


Started GET "/asignaturas" for 127.0.0.1 at 2016-06-07 16:27:17 -0500
Processing by AsignaturasController#index as HTML
  [1m[35mAsignatura Load (0.5ms)[0m  SELECT "asignaturas".* FROM "asignaturas"
  [1m[36mAlumno Load (0.3ms)[0m  [1mSELECT  "alumnos".* FROM "alumnos" WHERE "alumnos"."id" = ? LIMIT 1[0m  [["id", 1]]
  Rendered asignaturas/index.html.erb within layouts/application (7.2ms)
Completed 200 OK in 100ms (Views: 96.7ms | ActiveRecord: 0.8ms)


Started GET "/asignaturas/1" for 127.0.0.1 at 2016-06-07 16:27:20 -0500
Processing by AsignaturasController#show as HTML
  Parameters: {"id"=>"1"}
  [1m[35mAsignatura Load (0.3ms)[0m  SELECT  "asignaturas".* FROM "asignaturas" WHERE "asignaturas"."id" = ? LIMIT 1  [["id", 1]]
  [1m[36mAlumno Load (0.3ms)[0m  [1mSELECT  "alumnos".* FROM "alumnos" WHERE "alumnos"."id" = ? LIMIT 1[0m  [["id", 1]]
  Rendered asignaturas/show.html.erb within layouts/application (3.5ms)
Completed 200 OK in 58ms (Views: 55.0ms | ActiveRecord: 0.6ms)


Started GET "/asignaturas/1/edit" for 127.0.0.1 at 2016-06-07 16:27:23 -0500
Processing by AsignaturasController#edit as HTML
  Parameters: {"id"=>"1"}
  [1m[35mAsignatura Load (0.5ms)[0m  SELECT  "asignaturas".* FROM "asignaturas" WHERE "asignaturas"."id" = ? LIMIT 1  [["id", 1]]
  Rendered asignaturas/_form.html.erb (6.1ms)
  Rendered asignaturas/edit.html.erb within layouts/application (8.9ms)
Completed 200 OK in 68ms (Views: 65.0ms | ActiveRecord: 0.5ms)


Started PATCH "/asignaturas/1" for 127.0.0.1 at 2016-06-07 16:27:46 -0500
Processing by AsignaturasController#update as HTML
  Parameters: {"utf8"=>"✓", "authenticity_token"=>"C2Guf7rsRbZ59ZbboCMTbD+BX2pTA/Cy4LgMtwBRNd0AqUwGx4408L7EBDH5NQjZHZd1FahyqeKz9GS10lkokQ==", "asignatura"=>{"nombre"=>"Historia", "horas"=>"6", "alumno_id"=>"Daniel Torres"}, "commit"=>"Update Asignatura", "id"=>"1"}
  [1m[36mAsignatura Load (0.4ms)[0m  [1mSELECT  "asignaturas".* FROM "asignaturas" WHERE "asignaturas"."id" = ? LIMIT 1[0m  [["id", 1]]
  [1m[35m (0.2ms)[0m  begin transaction
  [1m[36mSQL (0.7ms)[0m  [1mUPDATE "asignaturas" SET "alumno_id" = ?, "updated_at" = ? WHERE "asignaturas"."id" = ?[0m  [["alumno_id", 0], ["updated_at", "2016-06-07 21:27:46.166513"], ["id", 1]]
  [1m[35m (185.6ms)[0m  commit transaction
Redirected to http://localhost:3000/asignaturas/1
Completed 302 Found in 204ms (ActiveRecord: 186.9ms)


Started GET "/asignaturas/1" for 127.0.0.1 at 2016-06-07 16:27:46 -0500
Processing by AsignaturasController#show as HTML
  Parameters: {"id"=>"1"}
  [1m[36mAsignatura Load (0.4ms)[0m  [1mSELECT  "asignaturas".* FROM "asignaturas" WHERE "asignaturas"."id" = ? LIMIT 1[0m  [["id", 1]]
  [1m[35mAlumno Load (0.3ms)[0m  SELECT  "alumnos".* FROM "alumnos" WHERE "alumnos"."id" = ? LIMIT 1  [["id", 0]]
  Rendered asignaturas/show.html.erb within layouts/application (3.6ms)
Completed 200 OK in 66ms (Views: 62.4ms | ActiveRecord: 0.7ms)


Started GET "/asignaturas" for 127.0.0.1 at 2016-06-07 16:28:02 -0500
Processing by AsignaturasController#index as HTML
  [1m[36mAsignatura Load (1.0ms)[0m  [1mSELECT "asignaturas".* FROM "asignaturas"[0m
  [1m[35mAlumno Load (0.3ms)[0m  SELECT  "alumnos".* FROM "alumnos" WHERE "alumnos"."id" = ? LIMIT 1  [["id", 0]]
  Rendered asignaturas/index.html.erb within layouts/application (7.2ms)
Completed 200 OK in 65ms (Views: 61.7ms | ActiveRecord: 1.3ms)


Started GET "/asignaturas/new" for 127.0.0.1 at 2016-06-07 16:28:08 -0500
Processing by AsignaturasController#new as HTML
  Rendered asignaturas/_form.html.erb (6.6ms)
  Rendered asignaturas/new.html.erb within layouts/application (9.0ms)
Completed 200 OK in 66ms (Views: 64.6ms | ActiveRecord: 0.0ms)


Started GET "/alumnos" for 127.0.0.1 at 2016-06-07 16:28:22 -0500
Processing by AlumnosController#index as HTML
  [1m[36mAlumno Load (0.5ms)[0m  [1mSELECT "alumnos".* FROM "alumnos"[0m
  Rendered alumnos/index.html.erb within layouts/application (5.0ms)
Completed 200 OK in 98ms (Views: 95.3ms | ActiveRecord: 0.5ms)


Started GET "/alumnos/new" for 127.0.0.1 at 2016-06-07 16:28:25 -0500
Processing by AlumnosController#new as HTML
  Rendered alumnos/_form.html.erb (5.0ms)
  Rendered alumnos/new.html.erb within layouts/application (7.3ms)
Completed 200 OK in 63ms (Views: 61.4ms | ActiveRecord: 0.0ms)


Started POST "/alumnos" for 127.0.0.1 at 2016-06-07 16:28:45 -0500
Processing by AlumnosController#create as HTML
  Parameters: {"utf8"=>"✓", "authenticity_token"=>"EdzNLtpnnDESMSq9caT54dP8eNcM4R0lZ+/M840+fOwaFC9XpwXtd9UAuFcosuJU8epSqPeQRHU0o6TxXzZhoA==", "alumno"=>{"nombre"=>"Miriam", "apellido"=>"Gomez"}, "commit"=>"Create Alumno"}
  [1m[35m (0.3ms)[0m  begin transaction
  [1m[36mSQL (0.7ms)[0m  [1mINSERT INTO "alumnos" ("nombre", "apellido", "created_at", "updated_at") VALUES (?, ?, ?, ?)[0m  [["nombre", "Miriam"], ["apellido", "Gomez"], ["created_at", "2016-06-07 21:28:45.173227"], ["updated_at", "2016-06-07 21:28:45.173227"]]
  [1m[35m (183.0ms)[0m  commit transaction
Redirected to http://localhost:3000/alumnos/3
Completed 302 Found in 197ms (ActiveRecord: 183.9ms)


Started GET "/alumnos/3" for 127.0.0.1 at 2016-06-07 16:28:45 -0500
Processing by AlumnosController#show as HTML
  Parameters: {"id"=>"3"}
  [1m[36mAlumno Load (0.4ms)[0m  [1mSELECT  "alumnos".* FROM "alumnos" WHERE "alumnos"."id" = ? LIMIT 1[0m  [["id", 3]]
  Rendered alumnos/show.html.erb within layouts/application (3.2ms)
Completed 200 OK in 66ms (Views: 62.2ms | ActiveRecord: 0.4ms)


Started GET "/alumnos" for 127.0.0.1 at 2016-06-07 16:28:48 -0500
Processing by AlumnosController#index as HTML
  [1m[35mAlumno Load (0.5ms)[0m  SELECT "alumnos".* FROM "alumnos"
  Rendered alumnos/index.html.erb within layouts/application (5.5ms)
Completed 200 OK in 65ms (Views: 62.7ms | ActiveRecord: 0.5ms)


Started GET "/asignaturas" for 127.0.0.1 at 2016-06-07 16:29:11 -0500
Processing by AsignaturasController#index as HTML
  [1m[36mAsignatura Load (14.3ms)[0m  [1mSELECT "asignaturas".* FROM "asignaturas"[0m
  [1m[35mAlumno Load (0.3ms)[0m  SELECT  "alumnos".* FROM "alumnos" WHERE "alumnos"."id" = ? LIMIT 1  [["id", 0]]
  Rendered asignaturas/index.html.erb within layouts/application (20.1ms)
Completed 200 OK in 134ms (Views: 112.5ms | ActiveRecord: 14.6ms)


Started GET "/asignaturas/new" for 127.0.0.1 at 2016-06-07 16:29:14 -0500
Processing by AsignaturasController#new as HTML
  Rendered asignaturas/_form.html.erb (6.1ms)
  Rendered asignaturas/new.html.erb within layouts/application (8.4ms)
Completed 200 OK in 64ms (Views: 62.0ms | ActiveRecord: 0.0ms)


Started POST "/asignaturas" for 127.0.0.1 at 2016-06-07 16:29:32 -0500
Processing by AsignaturasController#create as HTML
  Parameters: {"utf8"=>"✓", "authenticity_token"=>"vPz+h+rFnXVrf/4znIJbhCCctCQHV3DNLRdxA+t5h9W3NBz+l6fsM6xObNnFlEAxAoqeW/wmKZ1+WxkBOXGamQ==", "asignatura"=>{"nombre"=>"espñol", "horas"=>"12", "alumno_id"=>"3"}, "commit"=>"Create Asignatura"}
  [1m[36m (0.4ms)[0m  [1mbegin transaction[0m
  [1m[35mSQL (6.9ms)[0m  INSERT INTO "asignaturas" ("nombre", "horas", "alumno_id", "created_at", "updated_at") VALUES (?, ?, ?, ?, ?)  [["nombre", "espñol"], ["horas", 12], ["alumno_id", 3], ["created_at", "2016-06-07 21:29:32.442480"], ["updated_at", "2016-06-07 21:29:32.442480"]]
  [1m[36m (179.6ms)[0m  [1mcommit transaction[0m
Redirected to http://localhost:3000/asignaturas/2
Completed 302 Found in 209ms (ActiveRecord: 186.8ms)


Started GET "/asignaturas/2" for 127.0.0.1 at 2016-06-07 16:29:32 -0500
Processing by AsignaturasController#show as HTML
  Parameters: {"id"=>"2"}
  [1m[35mAsignatura Load (0.3ms)[0m  SELECT  "asignaturas".* FROM "asignaturas" WHERE "asignaturas"."id" = ? LIMIT 1  [["id", 2]]
  [1m[36mAlumno Load (0.3ms)[0m  [1mSELECT  "alumnos".* FROM "alumnos" WHERE "alumnos"."id" = ? LIMIT 1[0m  [["id", 3]]
  Rendered asignaturas/show.html.erb within layouts/application (4.1ms)
Completed 200 OK in 64ms (Views: 60.0ms | ActiveRecord: 0.7ms)


Started GET "/asignaturas" for 127.0.0.1 at 2016-06-07 16:29:35 -0500
Processing by AsignaturasController#index as HTML
  [1m[35mAsignatura Load (0.5ms)[0m  SELECT "asignaturas".* FROM "asignaturas"
  [1m[36mAlumno Load (0.3ms)[0m  [1mSELECT  "alumnos".* FROM "alumnos" WHERE "alumnos"."id" = ? LIMIT 1[0m  [["id", 0]]
  [1m[35mAlumno Load (0.3ms)[0m  SELECT  "alumnos".* FROM "alumnos" WHERE "alumnos"."id" = ? LIMIT 1  [["id", 3]]
  Rendered asignaturas/index.html.erb within layouts/application (8.8ms)
Completed 200 OK in 64ms (Views: 61.0ms | ActiveRecord: 1.1ms)


Started GET "/asignaturas/2" for 127.0.0.1 at 2016-06-07 16:29:46 -0500
Processing by AsignaturasController#show as HTML
  Parameters: {"id"=>"2"}
  [1m[36mAsignatura Load (0.3ms)[0m  [1mSELECT  "asignaturas".* FROM "asignaturas" WHERE "asignaturas"."id" = ? LIMIT 1[0m  [["id", 2]]
  [1m[35mAlumno Load (0.3ms)[0m  SELECT  "alumnos".* FROM "alumnos" WHERE "alumnos"."id" = ? LIMIT 1  [["id", 3]]
  Rendered asignaturas/show.html.erb within layouts/application (3.5ms)
Completed 200 OK in 64ms (Views: 60.2ms | ActiveRecord: 0.6ms)


Started GET "/asignaturas/2/edit" for 127.0.0.1 at 2016-06-07 16:29:48 -0500
Processing by AsignaturasController#edit as HTML
  Parameters: {"id"=>"2"}
  [1m[36mAsignatura Load (0.3ms)[0m  [1mSELECT  "asignaturas".* FROM "asignaturas" WHERE "asignaturas"."id" = ? LIMIT 1[0m  [["id", 2]]
  Rendered asignaturas/_form.html.erb (6.2ms)
  Rendered asignaturas/edit.html.erb within layouts/application (8.8ms)
Completed 200 OK in 65ms (Views: 62.3ms | ActiveRecord: 0.3ms)


Started PATCH "/asignaturas/2" for 127.0.0.1 at 2016-06-07 16:30:02 -0500
Processing by AsignaturasController#update as HTML
  Parameters: {"utf8"=>"✓", "authenticity_token"=>"GolAxVx9R76lkNkvd9G1DZ7jXR0SAJY2EXgOMWAF01QRQaK8IR82+GKhS8Uux664vPV3Yulxz2ZCNGYzsg3OGA==", "asignatura"=>{"nombre"=>"español", "horas"=>"12", "alumno_id"=>"Miriam"}, "commit"=>"Update Asignatura", "id"=>"2"}
  [1m[35mAsignatura Load (0.3ms)[0m  SELECT  "asignaturas".* FROM "asignaturas" WHERE "asignaturas"."id" = ? LIMIT 1  [["id", 2]]
  [1m[36m (0.3ms)[0m  [1mbegin transaction[0m
  [1m[35mSQL (1.0ms)[0m  UPDATE "asignaturas" SET "nombre" = ?, "alumno_id" = ?, "updated_at" = ? WHERE "asignaturas"."id" = ?  [["nombre", "español"], ["alumno_id", 0], ["updated_at", "2016-06-07 21:30:02.037631"], ["id", 2]]
  [1m[36m (216.2ms)[0m  [1mcommit transaction[0m
Redirected to http://localhost:3000/asignaturas/2
Completed 302 Found in 235ms (ActiveRecord: 217.8ms)


Started GET "/asignaturas/2" for 127.0.0.1 at 2016-06-07 16:30:02 -0500
Processing by AsignaturasController#show as HTML
  Parameters: {"id"=>"2"}
  [1m[35mAsignatura Load (0.5ms)[0m  SELECT  "asignaturas".* FROM "asignaturas" WHERE "asignaturas"."id" = ? LIMIT 1  [["id", 2]]
  [1m[36mAlumno Load (0.5ms)[0m  [1mSELECT  "alumnos".* FROM "alumnos" WHERE "alumnos"."id" = ? LIMIT 1[0m  [["id", 0]]
  Rendered asignaturas/show.html.erb within layouts/application (4.2ms)
Completed 200 OK in 64ms (Views: 59.2ms | ActiveRecord: 1.1ms)


Started GET "/asignaturas" for 127.0.0.1 at 2016-06-07 16:30:05 -0500
Processing by AsignaturasController#index as HTML
  [1m[35mAsignatura Load (0.5ms)[0m  SELECT "asignaturas".* FROM "asignaturas"
  [1m[36mAlumno Load (0.3ms)[0m  [1mSELECT  "alumnos".* FROM "alumnos" WHERE "alumnos"."id" = ? LIMIT 1[0m  [["id", 0]]
  [1m[35mCACHE (0.1ms)[0m  SELECT  "alumnos".* FROM "alumnos" WHERE "alumnos"."id" = ? LIMIT 1  [["id", 0]]
  Rendered asignaturas/index.html.erb within layouts/application (8.5ms)
Completed 200 OK in 64ms (Views: 60.5ms | ActiveRecord: 0.8ms)


Started GET "/asignaturas/2" for 127.0.0.1 at 2016-06-07 16:30:12 -0500
Processing by AsignaturasController#show as HTML
  Parameters: {"id"=>"2"}
  [1m[36mAsignatura Load (0.3ms)[0m  [1mSELECT  "asignaturas".* FROM "asignaturas" WHERE "asignaturas"."id" = ? LIMIT 1[0m  [["id", 2]]
  [1m[35mAlumno Load (0.3ms)[0m  SELECT  "alumnos".* FROM "alumnos" WHERE "alumnos"."id" = ? LIMIT 1  [["id", 0]]
  Rendered asignaturas/show.html.erb within layouts/application (3.9ms)
Completed 200 OK in 65ms (Views: 61.9ms | ActiveRecord: 0.6ms)


Started GET "/asignaturas" for 127.0.0.1 at 2016-06-07 16:30:15 -0500
Processing by AsignaturasController#index as HTML
  [1m[36mAsignatura Load (0.6ms)[0m  [1mSELECT "asignaturas".* FROM "asignaturas"[0m
  [1m[35mAlumno Load (0.3ms)[0m  SELECT  "alumnos".* FROM "alumnos" WHERE "alumnos"."id" = ? LIMIT 1  [["id", 0]]
  [1m[36mCACHE (0.1ms)[0m  [1mSELECT  "alumnos".* FROM "alumnos" WHERE "alumnos"."id" = ? LIMIT 1[0m  [["id", 0]]
  Rendered asignaturas/index.html.erb within layouts/application (8.4ms)
Completed 200 OK in 67ms (Views: 64.1ms | ActiveRecord: 0.9ms)


Started GET "/asignaturas/new" for 127.0.0.1 at 2016-06-07 16:30:56 -0500
Processing by AsignaturasController#new as HTML
  Rendered asignaturas/_form.html.erb (6.3ms)
  Rendered asignaturas/new.html.erb within layouts/application (8.8ms)
Completed 200 OK in 65ms (Views: 63.0ms | ActiveRecord: 0.0ms)


Started GET "/" for 127.0.0.1 at 2016-06-07 16:37:46 -0500
  [1m[36mActiveRecord::SchemaMigration Load (0.5ms)[0m  [1mSELECT "schema_migrations".* FROM "schema_migrations"[0m
Processing by Rails::WelcomeController#index as HTML
  Rendered /home/ale/.rbenv/versions/2.3.1/lib/ruby/gems/2.3.0/gems/railties-4.2.6/lib/rails/templates/rails/welcome/index.html.erb (4.5ms)
Completed 200 OK in 61ms (Views: 31.5ms | ActiveRecord: 0.0ms)


Started GET "/alumnos" for 127.0.0.1 at 2016-06-07 16:38:08 -0500
Processing by AlumnosController#index as HTML
  [1m[35mAlumno Load (0.8ms)[0m  SELECT "alumnos".* FROM "alumnos"
  Rendered alumnos/index.html.erb within layouts/application (52.0ms)
Completed 200 OK in 793ms (Views: 784.6ms | ActiveRecord: 2.3ms)


Started GET "/alumnos/new" for 127.0.0.1 at 2016-06-07 16:38:12 -0500
Processing by AlumnosController#new as HTML
  Rendered alumnos/_form.html.erb (129.5ms)
  Rendered alumnos/new.html.erb within layouts/application (149.4ms)
Completed 200 OK in 214ms (Views: 211.7ms | ActiveRecord: 0.0ms)


Started POST "/alumnos" for 127.0.0.1 at 2016-06-07 16:38:19 -0500
Processing by AlumnosController#create as HTML
  Parameters: {"utf8"=>"✓", "authenticity_token"=>"8JGLhZPxpGmUU47JdS0LsC0vBiYeUqkt3hHAy5tVUpf7WWn87pPVL1NiHCMsOxAFDzksWeUj8H2NXajJSV1P2w==", "alumno"=>{"nombre"=>"saul", "apellido"=>"rangel"}, "commit"=>"Create Alumno"}
  [1m[36m (0.3ms)[0m  [1mbegin transaction[0m
  [1m[35mSQL (13.9ms)[0m  INSERT INTO "alumnos" ("nombre", "apellido", "created_at", "updated_at") VALUES (?, ?, ?, ?)  [["nombre", "saul"], ["apellido", "rangel"], ["created_at", "2016-06-07 21:38:19.433671"], ["updated_at", "2016-06-07 21:38:19.433671"]]
  [1m[36m (208.6ms)[0m  [1mcommit transaction[0m
Redirected to http://localhost:3000/alumnos/4
Completed 302 Found in 253ms (ActiveRecord: 222.8ms)


Started GET "/alumnos/4" for 127.0.0.1 at 2016-06-07 16:38:19 -0500
Processing by AlumnosController#show as HTML
  Parameters: {"id"=>"4"}
  [1m[35mAlumno Load (0.7ms)[0m  SELECT  "alumnos".* FROM "alumnos" WHERE "alumnos"."id" = ? LIMIT 1  [["id", 4]]
  Rendered alumnos/show.html.erb within layouts/application (4.4ms)
Completed 200 OK in 120ms (Views: 93.6ms | ActiveRecord: 0.7ms)


Started GET "/alumnos" for 127.0.0.1 at 2016-06-07 16:39:54 -0500
Processing by AlumnosController#index as HTML
  [1m[36mAlumno Load (2.4ms)[0m  [1mSELECT "alumnos".* FROM "alumnos"[0m
  Rendered alumnos/index.html.erb within layouts/application (16.4ms)
Completed 200 OK in 148ms (Views: 136.8ms | ActiveRecord: 2.4ms)


Started GET "/asignaturas" for 127.0.0.1 at 2016-06-07 16:40:02 -0500
Processing by AsignaturasController#index as HTML
  [1m[35mAsignatura Load (1.2ms)[0m  SELECT "asignaturas".* FROM "asignaturas"
  [1m[36mAlumno Load (2.9ms)[0m  [1mSELECT  "alumnos".* FROM "alumnos" WHERE "alumnos"."id" = ? LIMIT 1[0m  [["id", 0]]
  Rendered asignaturas/index.html.erb within layouts/application (130.6ms)
Completed 500 Internal Server Error in 190ms (ActiveRecord: 5.0ms)

ActionView::Template::Error (undefined method `nombre' for nil:NilClass):
    17:       <tr>
    18:         <td><%= asignatura.nombre %></td>
    19:         <td><%= asignatura.horas %></td>
    20:         <td><%= asignatura.alumno.nombre %></td>
    21:         <td><%= link_to 'Show', asignatura %></td>
    22:         <td><%= link_to 'Edit', edit_asignatura_path(asignatura) %></td>
    23:         <td><%= link_to 'Destroy', asignatura, method: :delete, data: { confirm: 'Are you sure?' } %></td>
  app/views/asignaturas/index.html.erb:20:in `block in _app_views_asignaturas_index_html_erb__3498933111805865259_69890910917160'
  app/views/asignaturas/index.html.erb:16:in `_app_views_asignaturas_index_html_erb__3498933111805865259_69890910917160'


  Rendered /home/ale/.rbenv/versions/2.3.1/lib/ruby/gems/2.3.0/gems/actionpack-4.2.6/lib/action_dispatch/middleware/templates/rescues/_source.erb (19.9ms)
  Rendered /home/ale/.rbenv/versions/2.3.1/lib/ruby/gems/2.3.0/gems/actionpack-4.2.6/lib/action_dispatch/middleware/templates/rescues/_trace.html.erb (8.5ms)
  Rendered /home/ale/.rbenv/versions/2.3.1/lib/ruby/gems/2.3.0/gems/actionpack-4.2.6/lib/action_dispatch/middleware/templates/rescues/_request_and_response.html.erb (3.1ms)
  Rendered /home/ale/.rbenv/versions/2.3.1/lib/ruby/gems/2.3.0/gems/actionpack-4.2.6/lib/action_dispatch/middleware/templates/rescues/template_error.html.erb within rescues/layout (79.3ms)
  Rendered /home/ale/.rbenv/versions/2.3.1/lib/ruby/gems/2.3.0/gems/web-console-2.3.0/lib/web_console/templates/_markup.html.erb (1.8ms)
  Rendered /home/ale/.rbenv/versions/2.3.1/lib/ruby/gems/2.3.0/gems/web-console-2.3.0/lib/web_console/templates/_inner_console_markup.html.erb within layouts/inlined_string (1.6ms)
  Rendered /home/ale/.rbenv/versions/2.3.1/lib/ruby/gems/2.3.0/gems/web-console-2.3.0/lib/web_console/templates/_prompt_box_markup.html.erb within layouts/inlined_string (1.3ms)
  Rendered /home/ale/.rbenv/versions/2.3.1/lib/ruby/gems/2.3.0/gems/web-console-2.3.0/lib/web_console/templates/style.css.erb within layouts/inlined_string (1.4ms)
  Rendered /home/ale/.rbenv/versions/2.3.1/lib/ruby/gems/2.3.0/gems/web-console-2.3.0/lib/web_console/templates/console.js.erb within layouts/javascript (60.6ms)
  Rendered /home/ale/.rbenv/versions/2.3.1/lib/ruby/gems/2.3.0/gems/web-console-2.3.0/lib/web_console/templates/main.js.erb within layouts/javascript (1.8ms)
  Rendered /home/ale/.rbenv/versions/2.3.1/lib/ruby/gems/2.3.0/gems/web-console-2.3.0/lib/web_console/templates/error_page.js.erb within layouts/javascript (1.6ms)
  Rendered /home/ale/.rbenv/versions/2.3.1/lib/ruby/gems/2.3.0/gems/web-console-2.3.0/lib/web_console/templates/index.html.erb (124.3ms)


Started GET "/" for 127.0.0.1 at 2016-06-07 16:41:56 -0500
  [1m[36mActiveRecord::SchemaMigration Load (0.5ms)[0m  [1mSELECT "schema_migrations".* FROM "schema_migrations"[0m
Processing by Rails::WelcomeController#index as HTML
  Rendered /home/ale/.rbenv/versions/2.3.1/lib/ruby/gems/2.3.0/gems/railties-4.2.6/lib/rails/templates/rails/welcome/index.html.erb (4.4ms)
Completed 200 OK in 61ms (Views: 32.3ms | ActiveRecord: 0.0ms)


Started GET "/alumnos" for 127.0.0.1 at 2016-06-07 16:42:05 -0500
Processing by AlumnosController#index as HTML
  [1m[35mAlumno Load (0.6ms)[0m  SELECT "alumnos".* FROM "alumnos"
  Rendered alumnos/index.html.erb within layouts/application (41.1ms)
Completed 200 OK in 836ms (Views: 827.2ms | ActiveRecord: 1.8ms)


Started GET "/alumnos/new" for 127.0.0.1 at 2016-06-07 16:42:10 -0500
Processing by AlumnosController#new as HTML
  Rendered alumnos/_form.html.erb (191.6ms)
  Rendered alumnos/new.html.erb within layouts/application (204.6ms)
Completed 200 OK in 279ms (Views: 276.9ms | ActiveRecord: 0.0ms)


Started POST "/alumnos" for 127.0.0.1 at 2016-06-07 16:42:22 -0500
Processing by AlumnosController#create as HTML
  Parameters: {"utf8"=>"✓", "authenticity_token"=>"uLnW4EizhiErqVO5iD07rz+wYBZyBr5Ww37ao9q0YYHFo2uibZ9MPhcj+ffgv+GHAm1RacQet27zcRGJE0Z4EQ==", "alumno"=>{"nombre"=>"Luis Daniel", "apellido"=>"Hernandez"}, "commit"=>"Create Alumno"}
  [1m[36m (0.4ms)[0m  [1mbegin transaction[0m
  [1m[35mSQL (1.3ms)[0m  INSERT INTO "alumnos" ("nombre", "apellido", "created_at", "updated_at") VALUES (?, ?, ?, ?)  [["nombre", "Luis Daniel"], ["apellido", "Hernandez"], ["created_at", "2016-06-07 21:42:22.141706"], ["updated_at", "2016-06-07 21:42:22.141706"]]
  [1m[36m (177.9ms)[0m  [1mcommit transaction[0m
Redirected to http://localhost:3000/alumnos/5
Completed 302 Found in 202ms (ActiveRecord: 179.5ms)


Started GET "/alumnos/5" for 127.0.0.1 at 2016-06-07 16:42:22 -0500
Processing by AlumnosController#show as HTML
  Parameters: {"id"=>"5"}
  [1m[35mAlumno Load (0.8ms)[0m  SELECT  "alumnos".* FROM "alumnos" WHERE "alumnos"."id" = ? LIMIT 1  [["id", 5]]
  Rendered alumnos/show.html.erb within layouts/application (2.9ms)
Completed 200 OK in 155ms (Views: 124.8ms | ActiveRecord: 0.8ms)


Started GET "/alumnos" for 127.0.0.1 at 2016-06-07 16:42:24 -0500
Processing by AlumnosController#index as HTML
  [1m[36mAlumno Load (0.5ms)[0m  [1mSELECT "alumnos".* FROM "alumnos"[0m
  Rendered alumnos/index.html.erb within layouts/application (16.0ms)
Completed 200 OK in 144ms (Views: 139.4ms | ActiveRecord: 0.5ms)


Started GET "/asignaturas" for 127.0.0.1 at 2016-06-07 16:42:29 -0500
Processing by AsignaturasController#index as HTML
  [1m[35mAsignatura Load (0.6ms)[0m  SELECT "asignaturas".* FROM "asignaturas"
  [1m[36mAlumno Load (0.3ms)[0m  [1mSELECT  "alumnos".* FROM "alumnos" WHERE "alumnos"."id" = ? LIMIT 1[0m  [["id", 0]]
  Rendered asignaturas/index.html.erb within layouts/application (117.7ms)
Completed 500 Internal Server Error in 165ms (ActiveRecord: 1.8ms)

ActionView::Template::Error (undefined method `nombre' for nil:NilClass):
    17:       <tr>
    18:         <td><%= asignatura.nombre %></td>
    19:         <td><%= asignatura.horas %></td>
    20:         <td><%= asignatura.alumno.nombre %></td>
    21:         <td><%= link_to 'Show', asignatura %></td>
    22:         <td><%= link_to 'Edit', edit_asignatura_path(asignatura) %></td>
    23:         <td><%= link_to 'Destroy', asignatura, method: :delete, data: { confirm: 'Are you sure?' } %></td>
  app/views/asignaturas/index.html.erb:20:in `block in _app_views_asignaturas_index_html_erb__3054259305557520866_69856618096200'
  app/views/asignaturas/index.html.erb:16:in `_app_views_asignaturas_index_html_erb__3054259305557520866_69856618096200'


  Rendered /home/ale/.rbenv/versions/2.3.1/lib/ruby/gems/2.3.0/gems/actionpack-4.2.6/lib/action_dispatch/middleware/templates/rescues/_source.erb (19.4ms)
  Rendered /home/ale/.rbenv/versions/2.3.1/lib/ruby/gems/2.3.0/gems/actionpack-4.2.6/lib/action_dispatch/middleware/templates/rescues/_trace.html.erb (8.0ms)
  Rendered /home/ale/.rbenv/versions/2.3.1/lib/ruby/gems/2.3.0/gems/actionpack-4.2.6/lib/action_dispatch/middleware/templates/rescues/_request_and_response.html.erb (3.6ms)
  Rendered /home/ale/.rbenv/versions/2.3.1/lib/ruby/gems/2.3.0/gems/actionpack-4.2.6/lib/action_dispatch/middleware/templates/rescues/template_error.html.erb within rescues/layout (66.6ms)
  Rendered /home/ale/.rbenv/versions/2.3.1/lib/ruby/gems/2.3.0/gems/web-console-2.3.0/lib/web_console/templates/_markup.html.erb (1.4ms)
  Rendered /home/ale/.rbenv/versions/2.3.1/lib/ruby/gems/2.3.0/gems/web-console-2.3.0/lib/web_console/templates/_inner_console_markup.html.erb within layouts/inlined_string (1.0ms)
  Rendered /home/ale/.rbenv/versions/2.3.1/lib/ruby/gems/2.3.0/gems/web-console-2.3.0/lib/web_console/templates/_prompt_box_markup.html.erb within layouts/inlined_string (2.3ms)
  Rendered /home/ale/.rbenv/versions/2.3.1/lib/ruby/gems/2.3.0/gems/web-console-2.3.0/lib/web_console/templates/style.css.erb within layouts/inlined_string (1.1ms)
  Rendered /home/ale/.rbenv/versions/2.3.1/lib/ruby/gems/2.3.0/gems/web-console-2.3.0/lib/web_console/templates/console.js.erb within layouts/javascript (48.8ms)
  Rendered /home/ale/.rbenv/versions/2.3.1/lib/ruby/gems/2.3.0/gems/web-console-2.3.0/lib/web_console/templates/main.js.erb within layouts/javascript (1.3ms)
  Rendered /home/ale/.rbenv/versions/2.3.1/lib/ruby/gems/2.3.0/gems/web-console-2.3.0/lib/web_console/templates/error_page.js.erb within layouts/javascript (1.7ms)
  Rendered /home/ale/.rbenv/versions/2.3.1/lib/ruby/gems/2.3.0/gems/web-console-2.3.0/lib/web_console/templates/index.html.erb (97.6ms)


Started GET "/asignaturas" for 127.0.0.1 at 2016-06-07 16:43:11 -0500
Processing by AsignaturasController#index as HTML
  [1m[35mAsignatura Load (0.6ms)[0m  SELECT "asignaturas".* FROM "asignaturas"
  [1m[36mAlumno Load (0.3ms)[0m  [1mSELECT  "alumnos".* FROM "alumnos" WHERE "alumnos"."id" = ? LIMIT 1[0m  [["id", 0]]
  [1m[35mCACHE (0.1ms)[0m  SELECT  "alumnos".* FROM "alumnos" WHERE "alumnos"."id" = ? LIMIT 1  [["id", 0]]
  Rendered asignaturas/index.html.erb within layouts/application (17.8ms)
Completed 200 OK in 87ms (Views: 84.0ms | ActiveRecord: 0.9ms)


Started GET "/assets/alumnos.self-e3b0c44298fc1c149afbf4c8996fb92427ae41e4649b934ca495991b7852b855.css?body=1" for 127.0.0.1 at 2016-06-07 16:43:12 -0500


Started GET "/assets/asignaturas.self-e3b0c44298fc1c149afbf4c8996fb92427ae41e4649b934ca495991b7852b855.css?body=1" for 127.0.0.1 at 2016-06-07 16:43:12 -0500


Started GET "/assets/scaffolds.self-a6aa15cf8f1eb2d5c8efb029af034cd9d4a37d13bf664d6602a550d12ced07fc.css?body=1" for 127.0.0.1 at 2016-06-07 16:43:12 -0500


Started GET "/assets/application.self-e80e8f2318043e8af94dddc2adad5a4f09739a8ebb323b3ab31cd71d45fd9113.css?body=1" for 127.0.0.1 at 2016-06-07 16:43:12 -0500


Started GET "/assets/jquery.self-660adc51e0224b731d29f575a6f1ec167ba08ad06ed5deca4f1e8654c135bf4c.js?body=1" for 127.0.0.1 at 2016-06-07 16:43:12 -0500


Started GET "/assets/jquery_ujs.self-e87806d0cf4489aeb1bb7288016024e8de67fd18db693fe026fe3907581e53cd.js?body=1" for 127.0.0.1 at 2016-06-07 16:43:12 -0500


Started GET "/assets/turbolinks.self-c37727e9bd6b2735da5c311aa83fead54ed0be6cc8bd9a65309e9c5abe2cbfff.js?body=1" for 127.0.0.1 at 2016-06-07 16:43:12 -0500


Started GET "/assets/alumnos.self-877aef30ae1b040ab8a3aba4e3e309a11d7f2612f44dde450b5c157aa5f95c05.js?body=1" for 127.0.0.1 at 2016-06-07 16:43:12 -0500


Started GET "/assets/asignaturas.self-877aef30ae1b040ab8a3aba4e3e309a11d7f2612f44dde450b5c157aa5f95c05.js?body=1" for 127.0.0.1 at 2016-06-07 16:43:12 -0500


Started GET "/assets/application.self-3b8dabdc891efe46b9a144b400ad69e37d7e5876bdc39dee783419a69d7ca819.js?body=1" for 127.0.0.1 at 2016-06-07 16:43:12 -0500


Started GET "/asignaturas/new" for 127.0.0.1 at 2016-06-07 16:43:16 -0500
Processing by AsignaturasController#new as HTML
  Rendered asignaturas/_form.html.erb (49.0ms)
  Rendered asignaturas/new.html.erb within layouts/application (52.9ms)
Completed 500 Internal Server Error in 60ms (ActiveRecord: 0.0ms)

ActionView::Template::Error (undefined method `alumno_nombre' for #<Asignatura:0x007f1185d60b08>
Did you mean?  alumno_id):
    21:   </div>
    22:   <div class="field">
    23:     <%= f.label :alumno_nombre %><br>
    24:     <%= f.text_field :alumno_nombre%>
    25:   </div>
    26:   <div class="actions">
    27:     <%= f.submit %>
  app/views/asignaturas/_form.html.erb:24:in `block in _app_views_asignaturas__form_html_erb___2453876841726988380_69856618102400'
  app/views/asignaturas/_form.html.erb:1:in `_app_views_asignaturas__form_html_erb___2453876841726988380_69856618102400'
  app/views/asignaturas/new.html.erb:3:in `_app_views_asignaturas_new_html_erb___3618646635942450259_69856618236700'


  Rendered /home/ale/.rbenv/versions/2.3.1/lib/ruby/gems/2.3.0/gems/actionpack-4.2.6/lib/action_dispatch/middleware/templates/rescues/_source.erb (25.4ms)
  Rendered /home/ale/.rbenv/versions/2.3.1/lib/ruby/gems/2.3.0/gems/actionpack-4.2.6/lib/action_dispatch/middleware/templates/rescues/_trace.html.erb (16.2ms)
  Rendered /home/ale/.rbenv/versions/2.3.1/lib/ruby/gems/2.3.0/gems/actionpack-4.2.6/lib/action_dispatch/middleware/templates/rescues/_request_and_response.html.erb (3.1ms)
  Rendered /home/ale/.rbenv/versions/2.3.1/lib/ruby/gems/2.3.0/gems/actionpack-4.2.6/lib/action_dispatch/middleware/templates/rescues/template_error.html.erb within rescues/layout (89.3ms)
  Rendered /home/ale/.rbenv/versions/2.3.1/lib/ruby/gems/2.3.0/gems/web-console-2.3.0/lib/web_console/templates/_markup.html.erb (1.4ms)
  Rendered /home/ale/.rbenv/versions/2.3.1/lib/ruby/gems/2.3.0/gems/web-console-2.3.0/lib/web_console/templates/_inner_console_markup.html.erb within layouts/inlined_string (1.3ms)
  Rendered /home/ale/.rbenv/versions/2.3.1/lib/ruby/gems/2.3.0/gems/web-console-2.3.0/lib/web_console/templates/_prompt_box_markup.html.erb within layouts/inlined_string (1.4ms)
  Rendered /home/ale/.rbenv/versions/2.3.1/lib/ruby/gems/2.3.0/gems/web-console-2.3.0/lib/web_console/templates/style.css.erb within layouts/inlined_string (1.8ms)
  Rendered /home/ale/.rbenv/versions/2.3.1/lib/ruby/gems/2.3.0/gems/web-console-2.3.0/lib/web_console/templates/console.js.erb within layouts/javascript (54.1ms)
  Rendered /home/ale/.rbenv/versions/2.3.1/lib/ruby/gems/2.3.0/gems/web-console-2.3.0/lib/web_console/templates/main.js.erb within layouts/javascript (1.2ms)
  Rendered /home/ale/.rbenv/versions/2.3.1/lib/ruby/gems/2.3.0/gems/web-console-2.3.0/lib/web_console/templates/error_page.js.erb within layouts/javascript (2.1ms)
  Rendered /home/ale/.rbenv/versions/2.3.1/lib/ruby/gems/2.3.0/gems/web-console-2.3.0/lib/web_console/templates/index.html.erb (104.2ms)


Started GET "/asignaturas/new" for 127.0.0.1 at 2016-06-07 16:43:17 -0500
Processing by AsignaturasController#new as HTML
  Rendered asignaturas/_form.html.erb (39.3ms)
  Rendered asignaturas/new.html.erb within layouts/application (42.8ms)
Completed 500 Internal Server Error in 50ms (ActiveRecord: 0.0ms)

ActionView::Template::Error (undefined method `alumno_nombre' for #<Asignatura:0x007f11927706f0>
Did you mean?  alumno_id):
    21:   </div>
    22:   <div class="field">
    23:     <%= f.label :alumno_nombre %><br>
    24:     <%= f.text_field :alumno_nombre%>
    25:   </div>
    26:   <div class="actions">
    27:     <%= f.submit %>
  app/views/asignaturas/_form.html.erb:24:in `block in _app_views_asignaturas__form_html_erb___2453876841726988380_69856721101460'
  app/views/asignaturas/_form.html.erb:1:in `_app_views_asignaturas__form_html_erb___2453876841726988380_69856721101460'
  app/views/asignaturas/new.html.erb:3:in `_app_views_asignaturas_new_html_erb___3618646635942450259_69856723873260'


  Rendered /home/ale/.rbenv/versions/2.3.1/lib/ruby/gems/2.3.0/gems/actionpack-4.2.6/lib/action_dispatch/middleware/templates/rescues/_source.erb (25.7ms)
  Rendered /home/ale/.rbenv/versions/2.3.1/lib/ruby/gems/2.3.0/gems/actionpack-4.2.6/lib/action_dispatch/middleware/templates/rescues/_trace.html.erb (10.9ms)
  Rendered /home/ale/.rbenv/versions/2.3.1/lib/ruby/gems/2.3.0/gems/actionpack-4.2.6/lib/action_dispatch/middleware/templates/rescues/_request_and_response.html.erb (3.6ms)
  Rendered /home/ale/.rbenv/versions/2.3.1/lib/ruby/gems/2.3.0/gems/actionpack-4.2.6/lib/action_dispatch/middleware/templates/rescues/template_error.html.erb within rescues/layout (82.3ms)
  Rendered /home/ale/.rbenv/versions/2.3.1/lib/ruby/gems/2.3.0/gems/web-console-2.3.0/lib/web_console/templates/_markup.html.erb (1.4ms)
  Rendered /home/ale/.rbenv/versions/2.3.1/lib/ruby/gems/2.3.0/gems/web-console-2.3.0/lib/web_console/templates/_inner_console_markup.html.erb within layouts/inlined_string (1.5ms)
  Rendered /home/ale/.rbenv/versions/2.3.1/lib/ruby/gems/2.3.0/gems/web-console-2.3.0/lib/web_console/templates/_prompt_box_markup.html.erb within layouts/inlined_string (1.1ms)
  Rendered /home/ale/.rbenv/versions/2.3.1/lib/ruby/gems/2.3.0/gems/web-console-2.3.0/lib/web_console/templates/style.css.erb within layouts/inlined_string (1.5ms)
  Rendered /home/ale/.rbenv/versions/2.3.1/lib/ruby/gems/2.3.0/gems/web-console-2.3.0/lib/web_console/templates/console.js.erb within layouts/javascript (49.5ms)
  Rendered /home/ale/.rbenv/versions/2.3.1/lib/ruby/gems/2.3.0/gems/web-console-2.3.0/lib/web_console/templates/main.js.erb within layouts/javascript (1.0ms)
  Rendered /home/ale/.rbenv/versions/2.3.1/lib/ruby/gems/2.3.0/gems/web-console-2.3.0/lib/web_console/templates/error_page.js.erb within layouts/javascript (1.7ms)
  Rendered /home/ale/.rbenv/versions/2.3.1/lib/ruby/gems/2.3.0/gems/web-console-2.3.0/lib/web_console/templates/index.html.erb (101.9ms)


Started GET "/asignaturas/new" for 127.0.0.1 at 2016-06-07 16:43:46 -0500
Processing by AsignaturasController#new as HTML
  Rendered asignaturas/_form.html.erb (12.3ms)
  Rendered asignaturas/new.html.erb within layouts/application (17.1ms)
Completed 200 OK in 99ms (Views: 96.4ms | ActiveRecord: 0.0ms)


Started GET "/assets/alumnos.self-e3b0c44298fc1c149afbf4c8996fb92427ae41e4649b934ca495991b7852b855.css?body=1" for 127.0.0.1 at 2016-06-07 16:43:46 -0500


Started GET "/assets/asignaturas.self-e3b0c44298fc1c149afbf4c8996fb92427ae41e4649b934ca495991b7852b855.css?body=1" for 127.0.0.1 at 2016-06-07 16:43:46 -0500


Started GET "/assets/scaffolds.self-a6aa15cf8f1eb2d5c8efb029af034cd9d4a37d13bf664d6602a550d12ced07fc.css?body=1" for 127.0.0.1 at 2016-06-07 16:43:46 -0500


Started GET "/assets/application.self-e80e8f2318043e8af94dddc2adad5a4f09739a8ebb323b3ab31cd71d45fd9113.css?body=1" for 127.0.0.1 at 2016-06-07 16:43:46 -0500


Started GET "/assets/jquery.self-660adc51e0224b731d29f575a6f1ec167ba08ad06ed5deca4f1e8654c135bf4c.js?body=1" for 127.0.0.1 at 2016-06-07 16:43:46 -0500


Started GET "/assets/jquery_ujs.self-e87806d0cf4489aeb1bb7288016024e8de67fd18db693fe026fe3907581e53cd.js?body=1" for 127.0.0.1 at 2016-06-07 16:43:46 -0500


Started GET "/assets/turbolinks.self-c37727e9bd6b2735da5c311aa83fead54ed0be6cc8bd9a65309e9c5abe2cbfff.js?body=1" for 127.0.0.1 at 2016-06-07 16:43:46 -0500


Started GET "/assets/alumnos.self-877aef30ae1b040ab8a3aba4e3e309a11d7f2612f44dde450b5c157aa5f95c05.js?body=1" for 127.0.0.1 at 2016-06-07 16:43:46 -0500


Started GET "/assets/asignaturas.self-877aef30ae1b040ab8a3aba4e3e309a11d7f2612f44dde450b5c157aa5f95c05.js?body=1" for 127.0.0.1 at 2016-06-07 16:43:46 -0500


Started GET "/assets/application.self-3b8dabdc891efe46b9a144b400ad69e37d7e5876bdc39dee783419a69d7ca819.js?body=1" for 127.0.0.1 at 2016-06-07 16:43:46 -0500


Started POST "/asignaturas" for 127.0.0.1 at 2016-06-07 16:44:04 -0500
Processing by AsignaturasController#create as HTML
  Parameters: {"utf8"=>"✓", "authenticity_token"=>"d3YmfmotqkUUvYsa9mL0HzA0XANSmRRptlUHrJjhZPUKbJs8TwFgWig3IVSe4C43DeltfOSBHVGGWsyGURN9ZQ==", "asignatura"=>{"nombre"=>"filosofia", "horas"=>"6", "alumno_id"=>"5"}, "commit"=>"Create Asignatura"}
  [1m[36m (0.3ms)[0m  [1mbegin transaction[0m
  [1m[35mSQL (0.9ms)[0m  INSERT INTO "asignaturas" ("nombre", "horas", "alumno_id", "created_at", "updated_at") VALUES (?, ?, ?, ?, ?)  [["nombre", "filosofia"], ["horas", 6], ["alumno_id", 5], ["created_at", "2016-06-07 21:44:04.801333"], ["updated_at", "2016-06-07 21:44:04.801333"]]
  [1m[36m (200.6ms)[0m  [1mcommit transaction[0m
Redirected to http://localhost:3000/asignaturas/3
Completed 302 Found in 219ms (ActiveRecord: 201.8ms)


Started GET "/asignaturas/3" for 127.0.0.1 at 2016-06-07 16:44:05 -0500
Processing by AsignaturasController#show as HTML
  Parameters: {"id"=>"3"}
  [1m[35mAsignatura Load (0.6ms)[0m  SELECT  "asignaturas".* FROM "asignaturas" WHERE "asignaturas"."id" = ? LIMIT 1  [["id", 3]]
  [1m[36mAlumno Load (0.6ms)[0m  [1mSELECT  "alumnos".* FROM "alumnos" WHERE "alumnos"."id" = ? LIMIT 1[0m  [["id", 5]]
  Rendered asignaturas/show.html.erb within layouts/application (7.1ms)
Completed 200 OK in 68ms (Views: 62.2ms | ActiveRecord: 1.1ms)


Started GET "/asignaturas" for 127.0.0.1 at 2016-06-07 16:44:07 -0500
Processing by AsignaturasController#index as HTML
  [1m[35mAsignatura Load (0.8ms)[0m  SELECT "asignaturas".* FROM "asignaturas"
  [1m[36mAlumno Load (0.3ms)[0m  [1mSELECT  "alumnos".* FROM "alumnos" WHERE "alumnos"."id" = ? LIMIT 1[0m  [["id", 0]]
  [1m[35mCACHE (0.1ms)[0m  SELECT  "alumnos".* FROM "alumnos" WHERE "alumnos"."id" = ? LIMIT 1  [["id", 0]]
  [1m[36mAlumno Load (0.3ms)[0m  [1mSELECT  "alumnos".* FROM "alumnos" WHERE "alumnos"."id" = ? LIMIT 1[0m  [["id", 5]]
  Rendered asignaturas/index.html.erb within layouts/application (13.9ms)
Completed 200 OK in 74ms (Views: 71.0ms | ActiveRecord: 1.4ms)


Started GET "/asignaturas/new" for 127.0.0.1 at 2016-06-07 16:47:01 -0500
Processing by AsignaturasController#new as HTML
  Rendered asignaturas/_form.html.erb (8.7ms)
  Rendered asignaturas/new.html.erb within layouts/application (11.0ms)
Completed 200 OK in 78ms (Views: 76.5ms | ActiveRecord: 0.0ms)


Started GET "/" for 127.0.0.1 at 2016-06-07 16:50:38 -0500
  [1m[36mActiveRecord::SchemaMigration Load (0.5ms)[0m  [1mSELECT "schema_migrations".* FROM "schema_migrations"[0m
Processing by Rails::WelcomeController#index as HTML
  Rendered /home/ale/.rbenv/versions/2.3.1/lib/ruby/gems/2.3.0/gems/railties-4.2.6/lib/rails/templates/rails/welcome/index.html.erb (4.8ms)
Completed 200 OK in 67ms (Views: 36.0ms | ActiveRecord: 0.0ms)


Started GET "/asignaturas" for 127.0.0.1 at 2016-06-07 16:50:52 -0500
Processing by AsignaturasController#index as HTML
  [1m[35mAsignatura Load (0.5ms)[0m  SELECT "asignaturas".* FROM "asignaturas"
  [1m[36mAlumno Load (0.6ms)[0m  [1mSELECT  "alumnos".* FROM "alumnos" WHERE "alumnos"."id" = ? LIMIT 1[0m  [["id", 0]]
  Rendered asignaturas/index.html.erb within layouts/application (94.8ms)
Completed 500 Internal Server Error in 131ms (ActiveRecord: 3.4ms)

ActionView::Template::Error (undefined method `alumno_nombre' for nil:NilClass):
    17:       <tr>
    18:         <td><%= asignatura.nombre %></td>
    19:         <td><%= asignatura.horas %></td>
    20:         <td><%= asignatura.alumno.alumno_nombre%></td>
    21:         <td><%= link_to 'Show', asignatura %></td>
    22:         <td><%= link_to 'Edit', edit_asignatura_path(asignatura) %></td>
    23:         <td><%= link_to 'Destroy', asignatura, method: :delete, data: { confirm: 'Are you sure?' } %></td>
  app/views/asignaturas/index.html.erb:20:in `block in _app_views_asignaturas_index_html_erb__2216399065474403897_69942712175080'
  app/views/asignaturas/index.html.erb:16:in `_app_views_asignaturas_index_html_erb__2216399065474403897_69942712175080'


  Rendered /home/ale/.rbenv/versions/2.3.1/lib/ruby/gems/2.3.0/gems/actionpack-4.2.6/lib/action_dispatch/middleware/templates/rescues/_source.erb (20.6ms)
  Rendered /home/ale/.rbenv/versions/2.3.1/lib/ruby/gems/2.3.0/gems/actionpack-4.2.6/lib/action_dispatch/middleware/templates/rescues/_trace.html.erb (8.5ms)
  Rendered /home/ale/.rbenv/versions/2.3.1/lib/ruby/gems/2.3.0/gems/actionpack-4.2.6/lib/action_dispatch/middleware/templates/rescues/_request_and_response.html.erb (2.8ms)
  Rendered /home/ale/.rbenv/versions/2.3.1/lib/ruby/gems/2.3.0/gems/actionpack-4.2.6/lib/action_dispatch/middleware/templates/rescues/template_error.html.erb within rescues/layout (66.6ms)
  Rendered /home/ale/.rbenv/versions/2.3.1/lib/ruby/gems/2.3.0/gems/web-console-2.3.0/lib/web_console/templates/_markup.html.erb (1.2ms)
  Rendered /home/ale/.rbenv/versions/2.3.1/lib/ruby/gems/2.3.0/gems/web-console-2.3.0/lib/web_console/templates/_inner_console_markup.html.erb within layouts/inlined_string (1.2ms)
  Rendered /home/ale/.rbenv/versions/2.3.1/lib/ruby/gems/2.3.0/gems/web-console-2.3.0/lib/web_console/templates/_prompt_box_markup.html.erb within layouts/inlined_string (0.9ms)
  Rendered /home/ale/.rbenv/versions/2.3.1/lib/ruby/gems/2.3.0/gems/web-console-2.3.0/lib/web_console/templates/style.css.erb within layouts/inlined_string (1.1ms)
  Rendered /home/ale/.rbenv/versions/2.3.1/lib/ruby/gems/2.3.0/gems/web-console-2.3.0/lib/web_console/templates/console.js.erb within layouts/javascript (57.9ms)
  Rendered /home/ale/.rbenv/versions/2.3.1/lib/ruby/gems/2.3.0/gems/web-console-2.3.0/lib/web_console/templates/main.js.erb within layouts/javascript (1.0ms)
  Rendered /home/ale/.rbenv/versions/2.3.1/lib/ruby/gems/2.3.0/gems/web-console-2.3.0/lib/web_console/templates/error_page.js.erb within layouts/javascript (1.3ms)
  Rendered /home/ale/.rbenv/versions/2.3.1/lib/ruby/gems/2.3.0/gems/web-console-2.3.0/lib/web_console/templates/index.html.erb (110.6ms)


Started GET "/" for 127.0.0.1 at 2016-06-16 12:22:58 -0500
  [1m[36mActiveRecord::SchemaMigration Load (0.5ms)[0m  [1mSELECT "schema_migrations".* FROM "schema_migrations"[0m
Processing by Rails::WelcomeController#index as HTML
  Rendered /home/ale/.rbenv/versions/2.3.1/lib/ruby/gems/2.3.0/gems/railties-4.2.6/lib/rails/templates/rails/welcome/index.html.erb (5.4ms)
Completed 200 OK in 58ms (Views: 29.5ms | ActiveRecord: 0.0ms)


Started GET "/razas" for 127.0.0.1 at 2016-06-16 12:23:09 -0500

ActionController::RoutingError (No route matches [GET] "/razas"):
  actionpack (4.2.6) lib/action_dispatch/middleware/debug_exceptions.rb:21:in `call'
  web-console (2.3.0) lib/web_console/middleware.rb:28:in `block in call'
  web-console (2.3.0) lib/web_console/middleware.rb:18:in `catch'
  web-console (2.3.0) lib/web_console/middleware.rb:18:in `call'
  actionpack (4.2.6) lib/action_dispatch/middleware/show_exceptions.rb:30:in `call'
  railties (4.2.6) lib/rails/rack/logger.rb:38:in `call_app'
  railties (4.2.6) lib/rails/rack/logger.rb:20:in `block in call'
  activesupport (4.2.6) lib/active_support/tagged_logging.rb:68:in `block in tagged'
  activesupport (4.2.6) lib/active_support/tagged_logging.rb:26:in `tagged'
  activesupport (4.2.6) lib/active_support/tagged_logging.rb:68:in `tagged'
  railties (4.2.6) lib/rails/rack/logger.rb:20:in `call'
  actionpack (4.2.6) lib/action_dispatch/middleware/request_id.rb:21:in `call'
  rack (1.6.4) lib/rack/methodoverride.rb:22:in `call'
  rack (1.6.4) lib/rack/runtime.rb:18:in `call'
  activesupport (4.2.6) lib/active_support/cache/strategy/local_cache_middleware.rb:28:in `call'
  rack (1.6.4) lib/rack/lock.rb:17:in `call'
  actionpack (4.2.6) lib/action_dispatch/middleware/static.rb:120:in `call'
  rack (1.6.4) lib/rack/sendfile.rb:113:in `call'
  railties (4.2.6) lib/rails/engine.rb:518:in `call'
  railties (4.2.6) lib/rails/application.rb:165:in `call'
  rack (1.6.4) lib/rack/lock.rb:17:in `call'
  rack (1.6.4) lib/rack/content_length.rb:15:in `call'
  rack (1.6.4) lib/rack/handler/webrick.rb:88:in `service'
  /home/ale/.rbenv/versions/2.3.1/lib/ruby/2.3.0/webrick/httpserver.rb:140:in `service'
  /home/ale/.rbenv/versions/2.3.1/lib/ruby/2.3.0/webrick/httpserver.rb:96:in `run'
  /home/ale/.rbenv/versions/2.3.1/lib/ruby/2.3.0/webrick/server.rb:296:in `block in start_thread'


  Rendered /home/ale/.rbenv/versions/2.3.1/lib/ruby/gems/2.3.0/gems/actionpack-4.2.6/lib/action_dispatch/middleware/templates/rescues/_trace.html.erb (4.3ms)
  Rendered /home/ale/.rbenv/versions/2.3.1/lib/ruby/gems/2.3.0/gems/actionpack-4.2.6/lib/action_dispatch/middleware/templates/routes/_route.html.erb (4.0ms)
  Rendered /home/ale/.rbenv/versions/2.3.1/lib/ruby/gems/2.3.0/gems/actionpack-4.2.6/lib/action_dispatch/middleware/templates/routes/_table.html.erb (38.3ms)
  Rendered /home/ale/.rbenv/versions/2.3.1/lib/ruby/gems/2.3.0/gems/actionpack-4.2.6/lib/action_dispatch/middleware/templates/rescues/_request_and_response.html.erb (3.9ms)
  Rendered /home/ale/.rbenv/versions/2.3.1/lib/ruby/gems/2.3.0/gems/actionpack-4.2.6/lib/action_dispatch/middleware/templates/rescues/routing_error.html.erb within rescues/layout (130.8ms)
  Rendered /home/ale/.rbenv/versions/2.3.1/lib/ruby/gems/2.3.0/gems/web-console-2.3.0/lib/web_console/templates/_markup.html.erb (1.6ms)
  Rendered /home/ale/.rbenv/versions/2.3.1/lib/ruby/gems/2.3.0/gems/web-console-2.3.0/lib/web_console/templates/_inner_console_markup.html.erb within layouts/inlined_string (1.3ms)
  Rendered /home/ale/.rbenv/versions/2.3.1/lib/ruby/gems/2.3.0/gems/web-console-2.3.0/lib/web_console/templates/_prompt_box_markup.html.erb within layouts/inlined_string (0.9ms)
  Rendered /home/ale/.rbenv/versions/2.3.1/lib/ruby/gems/2.3.0/gems/web-console-2.3.0/lib/web_console/templates/style.css.erb within layouts/inlined_string (1.1ms)
  Rendered /home/ale/.rbenv/versions/2.3.1/lib/ruby/gems/2.3.0/gems/web-console-2.3.0/lib/web_console/templates/console.js.erb within layouts/javascript (90.6ms)
  Rendered /home/ale/.rbenv/versions/2.3.1/lib/ruby/gems/2.3.0/gems/web-console-2.3.0/lib/web_console/templates/main.js.erb within layouts/javascript (1.1ms)
  Rendered /home/ale/.rbenv/versions/2.3.1/lib/ruby/gems/2.3.0/gems/web-console-2.3.0/lib/web_console/templates/error_page.js.erb within layouts/javascript (1.4ms)
  Rendered /home/ale/.rbenv/versions/2.3.1/lib/ruby/gems/2.3.0/gems/web-console-2.3.0/lib/web_console/templates/index.html.erb (160.7ms)
